<?xml version="1.0" encoding="UTF-8" ?>
<testsuite tests="1" failures="0" name="com.mycompany.myjavaprograms.AppTest" time="0.011" errors="0" skipped="0">
  <properties>
    <property name="java.runtime.name" value="Java(TM) SE Runtime Environment"/>
    <property name="sun.boot.library.path" value="C:\Java\jdk1.8.0_05\jre\bin"/>
    <property name="java.vm.version" value="25.5-b02"/>
    <property name="java.vm.vendor" value="Oracle Corporation"/>
    <property name="java.vendor.url" value="http://java.oracle.com/"/>
    <property name="path.separator" value=";"/>
    <property name="java.vm.name" value="Java HotSpot(TM) 64-Bit Server VM"/>
    <property name="file.encoding.pkg" value="sun.io"/>
    <property name="user.script" value=""/>
    <property name="user.country" value="US"/>
    <property name="sun.java.launcher" value="SUN_STANDARD"/>
    <property name="sun.os.patch.level" value=""/>
    <property name="java.vm.specification.name" value="Java Virtual Machine Specification"/>
    <property name="user.dir" value="C:\1passion.labs\handson_javase\javase_classpath\samples_maven\myjavaprograms"/>
    <property name="java.runtime.version" value="1.8.0_05-b13"/>
    <property name="java.awt.graphicsenv" value="sun.awt.Win32GraphicsEnvironment"/>
    <property name="basedir" value="C:\1passion.labs\handson_javase\javase_classpath\samples_maven\myjavaprograms"/>
    <property name="java.endorsed.dirs" value="C:\Java\jdk1.8.0_05\jre\lib\endorsed"/>
    <property name="os.arch" value="amd64"/>
    <property name="surefire.real.class.path" value="C:\1passion.labs\handson_javase\javase_classpath\samples_maven\myjavaprograms\target\surefire\surefirebooter2069141808421091702.jar"/>
    <property name="java.io.tmpdir" value="C:\Users\Sang\AppData\Local\Temp\"/>
    <property name="line.separator" value="
"/>
    <property name="java.vm.specification.vendor" value="Oracle Corporation"/>
    <property name="user.variant" value=""/>
    <property name="os.name" value="Windows 8.1"/>
    <property name="sun.jnu.encoding" value="Cp1252"/>
    <property name="java.library.path" value="C:\Java\jdk1.8.0_05\jre\bin;C:\Windows\Sun\Java\bin;C:\Windows\system32;C:\Windows;C:\download\conemu;c:\bin;C:\Java\jdk1.8.0_05\bin;C:\ProgramData\Oracle\Java\javapath;C:\Program Files (x86)\Intel\iCLS Client\;C:\Program Files\Intel\iCLS Client\;C:\Windows\system32;C:\Windows;C:\Windows\System32\Wbem;C:\Windows\System32\WindowsPowerShell\v1.0\;C:\Program Files\Intel\Intel(R) Management Engine Components\DAL;C:\Program Files (x86)\Intel\Intel(R) Management Engine Components\DAL;C:\Program Files\Intel\Intel(R) Management Engine Components\IPT;C:\Program Files (x86)\Intel\Intel(R) Management Engine Components\IPT;C:\Program Files\Intel\WiFi\bin\;C:\Program Files\Common Files\Intel\WirelessCommon\;C:\Program Files\Sublime Text 2;C:\javatools\cygwin\bin;C:\javatools\apache-maven-3.0.3\bin;C:\javatools\Git\cmd;\javatools\mysql-5.5.28-winx64\bin;C:\Program Files (x86)\Skype\Phone\;C:\javatools\groovy-2.3.11\\bin;C:\javatools\grails-2.5.0\bin;C:\javatools\nodejs\;C:\Program Files (x86)\Brackets\command;C:\javatools\Python27;C:\RailsInstaller\Git\cmd;C:\RailsInstaller\Ruby2.1.0\bin;C:\Users\Sang\AppData\Roaming\npm;."/>
    <property name="surefire.test.class.path" value="C:\1passion.labs\handson_javase\javase_classpath\samples_maven\myjavaprograms\target\test-classes;C:\1passion.labs\handson_javase\javase_classpath\samples_maven\myjavaprograms\target\classes;C:\Users\Sang\.m2\repository\junit\junit\3.8.1\junit-3.8.1.jar;"/>
    <property name="java.specification.name" value="Java Platform API Specification"/>
    <property name="java.class.version" value="52.0"/>
    <property name="sun.management.compiler" value="HotSpot 64-Bit Tiered Compilers"/>
    <property name="os.version" value="6.3"/>
    <property name="user.home" value="C:\Users\Sang"/>
    <property name="user.timezone" value="America/New_York"/>
    <property name="java.awt.printerjob" value="sun.awt.windows.WPrinterJob"/>
    <property name="java.specification.version" value="1.8"/>
    <property name="file.encoding" value="Cp1252"/>
    <property name="user.name" value="Sang"/>
    <property name="java.class.path" value="C:\1passion.labs\handson_javase\javase_classpath\samples_maven\myjavaprograms\target\test-classes;C:\1passion.labs\handson_javase\javase_classpath\samples_maven\myjavaprograms\target\classes;C:\Users\Sang\.m2\repository\junit\junit\3.8.1\junit-3.8.1.jar;"/>
    <property name="java.vm.specification.version" value="1.8"/>
    <property name="sun.arch.data.model" value="64"/>
    <property name="java.home" value="C:\Java\jdk1.8.0_05\jre"/>
    <property name="sun.java.command" value="C:\1passion.labs\handson_javase\javase_classpath\samples_maven\myjavaprograms\target\surefire\surefirebooter2069141808421091702.jar C:\1passion.labs\handson_javase\javase_classpath\samples_maven\myjavaprograms\target\surefire\surefire1153711348480938868tmp C:\1passion.labs\handson_javase\javase_classpath\samples_maven\myjavaprograms\target\surefire\surefire8929717106263015854tmp"/>
    <property name="java.specification.vendor" value="Oracle Corporation"/>
    <property name="user.language" value="en"/>
    <property name="awt.toolkit" value="sun.awt.windows.WToolkit"/>
    <property name="java.vm.info" value="mixed mode"/>
    <property name="java.version" value="1.8.0_05"/>
    <property name="java.ext.dirs" value="C:\Java\jdk1.8.0_05\jre\lib\ext;C:\Windows\Sun\Java\lib\ext"/>
    <property name="sun.boot.class.path" value="C:\Java\jdk1.8.0_05\jre\lib\resources.jar;C:\Java\jdk1.8.0_05\jre\lib\rt.jar;C:\Java\jdk1.8.0_05\jre\lib\sunrsasign.jar;C:\Java\jdk1.8.0_05\jre\lib\jsse.jar;C:\Java\jdk1.8.0_05\jre\lib\jce.jar;C:\Java\jdk1.8.0_05\jre\lib\charsets.jar;C:\Java\jdk1.8.0_05\jre\lib\jfr.jar;C:\Java\jdk1.8.0_05\jre\classes"/>
    <property name="java.vendor" value="Oracle Corporation"/>
    <property name="localRepository" value="C:\Users\Sang\.m2\repository"/>
    <property name="file.separator" value="\"/>
    <property name="java.vendor.url.bug" value="http://bugreport.sun.com/bugreport/"/>
    <property name="sun.cpu.endian" value="little"/>
    <property name="sun.io.unicode.encoding" value="UnicodeLittle"/>
    <property name="sun.desktop" value="windows"/>
    <property name="sun.cpu.isalist" value="amd64"/>
  </properties>
  <testcase classname="com.mycompany.myjavaprograms.AppTest" name="testApp" time="0.001"/>
</testsuite>